<?xml version="1.0" encoding="UTF-8"?>
<testsuite xmlns:xsi="http://www.w3.org/2001/XMLSchema-instance" xsi:noNamespaceSchemaLocation="https://maven.apache.org/surefire/maven-surefire-plugin/xsd/surefire-test-report.xsd" name="com.jd.alo.sortingbasic.AppTest" time="0.017" tests="1" errors="0" skipped="0" failures="0">
  <properties>
    <property name="sun.desktop" value="windows"/>
    <property name="awt.toolkit" value="sun.awt.windows.WToolkit"/>
    <property name="file.encoding.pkg" value="sun.io"/>
    <property name="java.specification.version" value="1.8"/>
    <property name="sun.cpu.isalist" value="amd64"/>
    <property name="sun.jnu.encoding" value="GBK"/>
    <property name="java.class.path" value="D:\code\data-structure\alo\target\test-classes;D:\code\data-structure\alo\target\classes;C:\Users\gaohongbin5\.m2\repository\junit\junit\4.11\junit-4.11.jar;C:\Users\gaohongbin5\.m2\repository\org\hamcrest\hamcrest-core\1.3\hamcrest-core-1.3.jar;C:\Users\gaohongbin5\.m2\repository\org\slf4j\jul-to-slf4j\1.7.29\jul-to-slf4j-1.7.29.jar;C:\Users\gaohongbin5\.m2\repository\org\slf4j\slf4j-api\1.7.29\slf4j-api-1.7.29.jar;C:\Users\gaohongbin5\.m2\repository\org\projectlombok\lombok\1.18.8\lombok-1.18.8.jar;"/>
    <property name="java.vm.vendor" value="Oracle Corporation"/>
    <property name="sun.arch.data.model" value="64"/>
    <property name="user.variant" value=""/>
    <property name="java.vendor.url" value="http://java.oracle.com/"/>
    <property name="user.timezone" value="Asia/Shanghai"/>
    <property name="java.vm.specification.version" value="1.8"/>
    <property name="os.name" value="Windows 10"/>
    <property name="user.country" value="CN"/>
    <property name="sun.java.launcher" value="SUN_STANDARD"/>
    <property name="sun.boot.library.path" value="D:\Program Files\Java\jdk1.8.0_171\jre\bin"/>
    <property name="sun.java.command" value="C:\Users\GAOHON~1\AppData\Local\Temp\surefire8863495186530157083\surefirebooter8866826694786440693.jar C:\Users\gaohongbin5\AppData\Local\Temp\surefire8863495186530157083 2020-11-11T21-26-16_690-jvmRun1 surefire4970710444895313910tmp surefire_0723927436060565985tmp"/>
    <property name="surefire.test.class.path" value="D:\code\data-structure\alo\target\test-classes;D:\code\data-structure\alo\target\classes;C:\Users\gaohongbin5\.m2\repository\junit\junit\4.11\junit-4.11.jar;C:\Users\gaohongbin5\.m2\repository\org\hamcrest\hamcrest-core\1.3\hamcrest-core-1.3.jar;C:\Users\gaohongbin5\.m2\repository\org\slf4j\jul-to-slf4j\1.7.29\jul-to-slf4j-1.7.29.jar;C:\Users\gaohongbin5\.m2\repository\org\slf4j\slf4j-api\1.7.29\slf4j-api-1.7.29.jar;C:\Users\gaohongbin5\.m2\repository\org\projectlombok\lombok\1.18.8\lombok-1.18.8.jar;"/>
    <property name="sun.cpu.endian" value="little"/>
    <property name="user.home" value="C:\Users\gaohongbin5"/>
    <property name="user.language" value="zh"/>
    <property name="java.specification.vendor" value="Oracle Corporation"/>
    <property name="java.home" value="D:\Program Files\Java\jdk1.8.0_171\jre"/>
    <property name="basedir" value="D:\code\data-structure\alo"/>
    <property name="file.separator" value="\"/>
    <property name="line.separator" value="&#10;"/>
    <property name="java.vm.specification.vendor" value="Oracle Corporation"/>
    <property name="java.specification.name" value="Java Platform API Specification"/>
    <property name="java.awt.graphicsenv" value="sun.awt.Win32GraphicsEnvironment"/>
    <property name="surefire.real.class.path" value="C:\Users\GAOHON~1\AppData\Local\Temp\surefire8863495186530157083\surefirebooter8866826694786440693.jar"/>
    <property name="sun.boot.class.path" value="D:\Program Files\Java\jdk1.8.0_171\jre\lib\resources.jar;D:\Program Files\Java\jdk1.8.0_171\jre\lib\rt.jar;D:\Program Files\Java\jdk1.8.0_171\jre\lib\sunrsasign.jar;D:\Program Files\Java\jdk1.8.0_171\jre\lib\jsse.jar;D:\Program Files\Java\jdk1.8.0_171\jre\lib\jce.jar;D:\Program Files\Java\jdk1.8.0_171\jre\lib\charsets.jar;D:\Program Files\Java\jdk1.8.0_171\jre\lib\jfr.jar;D:\Program Files\Java\jdk1.8.0_171\jre\classes"/>
    <property name="user.script" value=""/>
    <property name="sun.management.compiler" value="HotSpot 64-Bit Tiered Compilers"/>
    <property name="java.runtime.version" value="1.8.0_171-b11"/>
    <property name="user.name" value="gaohongbin5"/>
    <property name="path.separator" value=";"/>
    <property name="os.version" value="10.0"/>
    <property name="java.endorsed.dirs" value="D:\Program Files\Java\jdk1.8.0_171\jre\lib\endorsed"/>
    <property name="java.runtime.name" value="Java(TM) SE Runtime Environment"/>
    <property name="file.encoding" value="GBK"/>
    <property name="java.vm.name" value="Java HotSpot(TM) 64-Bit Server VM"/>
    <property name="localRepository" value="C:\Users\gaohongbin5\.m2\repository"/>
    <property name="java.vendor.url.bug" value="http://bugreport.sun.com/bugreport/"/>
    <property name="java.io.tmpdir" value="C:\Users\GAOHON~1\AppData\Local\Temp\"/>
    <property name="idea.version" value="2018.2"/>
    <property name="java.version" value="1.8.0_171"/>
    <property name="user.dir" value="D:\code\data-structure\alo"/>
    <property name="os.arch" value="amd64"/>
    <property name="java.vm.specification.name" value="Java Virtual Machine Specification"/>
    <property name="java.awt.printerjob" value="sun.awt.windows.WPrinterJob"/>
    <property name="sun.os.patch.level" value=""/>
    <property name="java.library.path" value="D:\Program Files\Java\jdk1.8.0_171\jre\bin;C:\WINDOWS\Sun\Java\bin;C:\WINDOWS\system32;C:\WINDOWS;C:\Program Files\Common Files\Oracle\Java\javapath;D:\python\Python37\Scripts\;D:\python\Python37\;D:\Program Files (x86)\NetSarang\Xshell 6\;C:\Program Files (x86)\Common Files\Oracle\Java\javapath;C:\WINDOWS\system32;C:\WINDOWS;C:\WINDOWS\System32\Wbem;C:\WINDOWS\System32\WindowsPowerShell\v1.0\;C:\WINDOWS\System32\OpenSSH\;D:\Program Files (x86)\IDM Computer Solutions\UltraEdit;d:\Program Files\Git\cmd;C:\Program Files\Docker\Docker\resources\bin;C:\ProgramData\DockerDesktop\version-bin;d:\python\Anaconda3;d:\python\Anaconda3\Scripts;d:\python\Anaconda3\Library\bin;C:\Users\gaohongbin5\scoop\shims;C:\Users\gaohongbin5\AppData\Local\Microsoft\WindowsApps;D:\Program Files\Java\jdk1.8.0_171\bin;D:\Program Files\Java\jdk1.8.0_171\jre\bin;D:\soft\apache-maven-3.5.4\bin;D:\hadoop-2.7.7\bin;D:\hbase-1.2.6\bin;D:\scala-2.11.8\bin;D:\apache-hive-2.3.6\bin;C:\cygwin64\bin;D:\Programs\JetBrains\PyCharm.2020.1.2\bin;;C:\Program Files\NVIDIA Corporation\NVSMI;C:\Users\gaohongbin5\AppData\Local\Microsoft\WindowsApps;C:\Users\gaohongbin5\Desktop\sonar\sonar-scanner-4.5.0.2216-windows\bin;C:\Gradle\gradle-4.5\bin;;."/>
    <property name="java.vm.info" value="mixed mode"/>
    <property name="java.vendor" value="Oracle Corporation"/>
    <property name="java.vm.version" value="25.171-b11"/>
    <property name="java.ext.dirs" value="D:\Program Files\Java\jdk1.8.0_171\jre\lib\ext;C:\WINDOWS\Sun\Java\lib\ext"/>
    <property name="sun.io.unicode.encoding" value="UnicodeLittle"/>
    <property name="java.class.version" value="52.0"/>
  </properties>
  <testcase name="shouldAnswerWithTrue" classname="com.jd.alo.sortingbasic.AppTest" time="0.001"/>
</testsuite>